<?xml version="1.0" encoding="UTF-8"?>
<!-- Generated by org.testng.reporters.JUnitXMLReporter -->
<testsuite hostname="manjunathspc" ignored="1" name="Test" tests="2" failures="0" timestamp="16 Jan 2020 07:17:03 GMT" time="4975.298" errors="0">
  <testcase name="commonflow" time="50.191" classname="WH.CommonLogin"/>
  <testcase name="SuperAdminflow" time="4884.785" classname="WH.SuperAdminLogin"/>
  <testcase name="@BeforeTest StartReport" time="0.0" classname="base.SuperTestNG">
    <ignored/>
  </testcase> <!-- @BeforeTest StartReport -->
</testsuite> <!-- Test -->
