<?xml version="1.0" encoding="UTF-8"?>
<testng-results skipped="0" failed="0" ignored="0" total="1" passed="1">
  <reporter-output>
  </reporter-output>
  <suite name="Default suite" duration-ms="98104" started-at="2020-01-23T07:25:53Z" finished-at="2020-01-23T07:27:31Z">
    <groups>
    </groups>
    <test name="Default test" duration-ms="98104" started-at="2020-01-23T07:25:53Z" finished-at="2020-01-23T07:27:31Z">
      <class name="WH.EscalationMailPage">
        <test-method status="PASS" signature="StartReport()[pri:0, instance:WH.EscalationMailPage@598067a5]" name="StartReport" is-config="true" duration-ms="266" started-at="2020-01-23T07:25:53Z" finished-at="2020-01-23T07:25:53Z">
          <reporter-output>
          </reporter-output>
        </test-method> <!-- StartReport -->
        <test-method status="PASS" signature="initialization()[pri:0, instance:WH.EscalationMailPage@598067a5]" name="initialization" is-config="true" duration-ms="13098" started-at="2020-01-23T07:25:53Z" finished-at="2020-01-23T07:26:06Z">
          <reporter-output>
          </reporter-output>
        </test-method> <!-- initialization -->
        <test-method status="PASS" signature="VerifyEscalaionDaywideCount()[pri:0, instance:WH.EscalationMailPage@598067a5]" name="VerifyEscalaionDaywideCount" duration-ms="84238" started-at="2020-01-23T07:26:06Z" finished-at="2020-01-23T07:27:30Z">
          <reporter-output>
          </reporter-output>
        </test-method> <!-- VerifyEscalaionDaywideCount -->
        <test-method status="PASS" signature="closebrowser(org.testng.ITestResult)[pri:0, instance:WH.EscalationMailPage@598067a5]" name="closebrowser" is-config="true" duration-ms="468" started-at="2020-01-23T07:27:30Z" finished-at="2020-01-23T07:27:31Z">
          <params>
            <param index="0">
              <value>
                <![CDATA[[TestResult name=VerifyEscalaionDaywideCount status=SUCCESS method=EscalationMailPage.VerifyEscalaionDaywideCount()[pri:0, instance:WH.EscalationMailPage@598067a5] output={null}]]]>
              </value>
            </param>
          </params>
          <reporter-output>
          </reporter-output>
        </test-method> <!-- closebrowser -->
      </class> <!-- WH.EscalationMailPage -->
    </test> <!-- Default test -->
  </suite> <!-- Default suite -->
</testng-results>
